<?xml version="1.0" encoding="UTF-8"?>
<!-- Generated by org.testng.reporters.JUnitReportReporter -->
<testsuite hostname="DESKTOP-245N5OC" failures="0" tests="1" name="dataFileOpe.ReadExel" time="0.699" errors="0" timestamp="2022-11-18T12:38:58 IST" skipped="0">
  <testcase classname="dataFileOpe.ReadExel" name="main" time="0.699"/>
  <system-out/>
</testsuite> <!-- dataFileOpe.ReadExel -->
