<?xml version="1.0" encoding="UTF-8"?>
<!-- Generated by org.testng.reporters.JUnitReportReporter -->
<testsuite hostname="DESKTOP-245N5OC" failures="0" tests="1" name="dataFileOpe.dataDriven" time="135.900" errors="0" timestamp="2022-11-21T15:50:09 IST" skipped="0">
  <testcase classname="dataFileOpe.dataDriven" name="testcases1" time="135.900"/>
  <system-out>
    <![CDATA[Chrome Browser has been opened.
Browser maximized
Nevigated to the Landing Page of The given URL
Click on Sign In button Successfully
Email has been entered in the text field successfully
Clicked on Continue button
Password has been Entered Successfully
Clicked on Sign In button
Clicked on Search Bar
Searched for Mens Wrist Watches
Price has been Filterd By High To Low
Sorted By Sonata Brand
Price Range is sorted between 2k to 5k
Click on a Wrist watch for add this into cart
1st watch added into the cart
2nd watch added into the cart
Click on cart to varify the products
One product is removed from cart successfully
Proceed to checkout
One Of the Existing address is selected For Delivery
Nevigated to payment Page successfully
Browser is closed successfully]]>
  </system-out>
</testsuite> <!-- dataFileOpe.dataDriven -->
