<?xml version="1.0" encoding="UTF-8"?>
<!-- Generated by org.testng.reporters.JUnitReportReporter -->
<testsuite hostname="DESKTOP-245N5OC" failures="0" tests="1" name="dataFileOpe.dataDriven" time="72.411" errors="0" timestamp="2022-11-18T16:19:56 IST" skipped="0">
  <testcase classname="dataFileOpe.dataDriven" name="testcases1" time="72.411"/>
  <system-out/>
</testsuite> <!-- dataFileOpe.dataDriven -->
